<?xml version="1.0" encoding="UTF-8"?>
<coverage generated="1651850037959" clover="3.2.0">
  <project timestamp="1651850037959" name="All files">
    <metrics statements="24" coveredstatements="24" conditionals="20" coveredconditionals="20" methods="1" coveredmethods="1" elements="45" coveredelements="45" complexity="0" loc="24" ncloc="24" packages="1" files="1" classes="1"/>
    <file name="strictEquals.js" path="/Users/jon/skylab-bootcamp/week-4/week-4-code/w4-challenge/202204-W04-Jon-Pittaluga/components/strictEquals.js">
      <metrics statements="24" coveredstatements="24" conditionals="20" coveredconditionals="20" methods="1" coveredmethods="1"/>
      <line num="5" count="20" type="cond" truecount="4" falsecount="0"/>
      <line num="6" count="2" type="stmt"/>
      <line num="10" count="18" type="cond" truecount="4" falsecount="0"/>
      <line num="11" count="4" type="stmt"/>
      <line num="14" count="14" type="cond" truecount="2" falsecount="0"/>
      <line num="15" count="2" type="stmt"/>
      <line num="19" count="12" type="cond" truecount="2" falsecount="0"/>
      <line num="20" count="4" type="stmt"/>
      <line num="24" count="8" type="cond" truecount="6" falsecount="0"/>
      <line num="25" count="1" type="stmt"/>
      <line num="28" count="7" type="cond" truecount="2" falsecount="0"/>
      <line num="29" count="4" type="stmt"/>
      <line num="30" count="3" type="stmt"/>
      <line num="33" count="1" type="stmt"/>
      <line num="34" count="1" type="stmt"/>
      <line num="35" count="1" type="stmt"/>
      <line num="36" count="1" type="stmt"/>
      <line num="37" count="1" type="stmt"/>
      <line num="38" count="1" type="stmt"/>
      <line num="44" count="1" type="stmt"/>
      <line num="45" count="1" type="stmt"/>
      <line num="46" count="1" type="stmt"/>
      <line num="50" count="1" type="stmt"/>
      <line num="51" count="1" type="stmt"/>
    </file>
  </project>
</coverage>
