<?xml version="1.0" encoding="UTF-8"?>
<coverage generated="1651850438833" clover="3.2.0">
  <project timestamp="1651850438833" name="All files">
    <metrics statements="13" coveredstatements="12" conditionals="20" coveredconditionals="19" methods="1" coveredmethods="1" elements="34" coveredelements="32" complexity="0" loc="13" ncloc="13" packages="1" files="1" classes="1"/>
    <file name="strictEquals.js" path="/Users/jon/skylab-bootcamp/week-4/week-4-code/w4-challenge/202204-W04-Jon-Pittaluga/components/strictEquals.js">
      <metrics statements="13" coveredstatements="12" conditionals="20" coveredconditionals="19" methods="1" coveredmethods="1"/>
      <line num="5" count="9" type="cond" truecount="4" falsecount="0"/>
      <line num="6" count="1" type="stmt"/>
      <line num="10" count="8" type="cond" truecount="4" falsecount="0"/>
      <line num="11" count="2" type="stmt"/>
      <line num="14" count="6" type="cond" truecount="2" falsecount="0"/>
      <line num="15" count="1" type="stmt"/>
      <line num="19" count="5" type="cond" truecount="2" falsecount="0"/>
      <line num="20" count="2" type="stmt"/>
      <line num="24" count="3" type="cond" truecount="5" falsecount="1"/>
      <line num="25" count="0" type="stmt"/>
      <line num="28" count="3" type="cond" truecount="2" falsecount="0"/>
      <line num="29" count="2" type="stmt"/>
      <line num="30" count="1" type="stmt"/>
    </file>
  </project>
</coverage>
