{"/Users/jon/skylab-bootcamp/week-4/week-4-code/w4-challenge/202204-W04-Jon-Pittaluga/components/strictEquals.js": {"path":"/Users/jon/skylab-bootcamp/week-4/week-4-code/w4-challenge/202204-W04-Jon-Pittaluga/components/strictEquals.js","statementMap":{"0":{"start":{"line":5,"column":2},"end":{"line":7,"column":3}},"1":{"start":{"line":6,"column":4},"end":{"line":6,"column":17}},"2":{"start":{"line":10,"column":2},"end":{"line":12,"column":3}},"3":{"start":{"line":11,"column":4},"end":{"line":11,"column":16}},"4":{"start":{"line":14,"column":2},"end":{"line":16,"column":3}},"5":{"start":{"line":15,"column":4},"end":{"line":15,"column":16}},"6":{"start":{"line":19,"column":2},"end":{"line":21,"column":3}},"7":{"start":{"line":20,"column":4},"end":{"line":20,"column":17}},"8":{"start":{"line":24,"column":2},"end":{"line":26,"column":3}},"9":{"start":{"line":25,"column":4},"end":{"line":25,"column":17}},"10":{"start":{"line":28,"column":2},"end":{"line":30,"column":22}},"11":{"start":{"line":29,"column":4},"end":{"line":29,"column":16}},"12":{"start":{"line":30,"column":9},"end":{"line":30,"column":22}}},"fnMap":{"0":{"name":"strictEquals","decl":{"start":{"line":3,"column":16},"end":{"line":3,"column":28}},"loc":{"start":{"line":3,"column":35},"end":{"line":31,"column":1}},"line":3}},"branchMap":{"0":{"loc":{"start":{"line":5,"column":2},"end":{"line":7,"column":3}},"type":"if","locations":[{"start":{"line":5,"column":2},"end":{"line":7,"column":3}},{"start":{},"end":{}}],"line":5},"1":{"loc":{"start":{"line":5,"column":6},"end":{"line":5,"column":40}},"type":"binary-expr","locations":[{"start":{"line":5,"column":6},"end":{"line":5,"column":21}},{"start":{"line":5,"column":25},"end":{"line":5,"column":40}}],"line":5},"2":{"loc":{"start":{"line":10,"column":2},"end":{"line":12,"column":3}},"type":"if","locations":[{"start":{"line":10,"column":2},"end":{"line":12,"column":3}},{"start":{},"end":{}}],"line":10},"3":{"loc":{"start":{"line":10,"column":6},"end":{"line":10,"column":41}},"type":"binary-expr","locations":[{"start":{"line":10,"column":6},"end":{"line":10,"column":21}},{"start":{"line":10,"column":25},"end":{"line":10,"column":41}}],"line":10},"4":{"loc":{"start":{"line":14,"column":2},"end":{"line":16,"column":3}},"type":"if","locations":[{"start":{"line":14,"column":2},"end":{"line":16,"column":3}},{"start":{},"end":{}}],"line":14},"5":{"loc":{"start":{"line":19,"column":2},"end":{"line":21,"column":3}},"type":"if","locations":[{"start":{"line":19,"column":2},"end":{"line":21,"column":3}},{"start":{},"end":{}}],"line":19},"6":{"loc":{"start":{"line":24,"column":2},"end":{"line":26,"column":3}},"type":"if","locations":[{"start":{"line":24,"column":2},"end":{"line":26,"column":3}},{"start":{},"end":{}}],"line":24},"7":{"loc":{"start":{"line":24,"column":6},"end":{"line":24,"column":28}},"type":"binary-expr","locations":[{"start":{"line":24,"column":7},"end":{"line":24,"column":9}},{"start":{"line":24,"column":13},"end":{"line":24,"column":14}},{"start":{"line":24,"column":20},"end":{"line":24,"column":21}},{"start":{"line":24,"column":25},"end":{"line":24,"column":27}}],"line":24},"8":{"loc":{"start":{"line":28,"column":2},"end":{"line":30,"column":22}},"type":"if","locations":[{"start":{"line":28,"column":2},"end":{"line":30,"column":22}},{"start":{"line":30,"column":9},"end":{"line":30,"column":22}}],"line":28}},"s":{"0":9,"1":1,"2":8,"3":2,"4":6,"5":1,"6":5,"7":2,"8":3,"9":0,"10":3,"11":2,"12":1},"f":{"0":9},"b":{"0":[1,8],"1":[9,1],"2":[2,6],"3":[8,7],"4":[1,5],"5":[2,3],"6":[0,3],"7":[3,2,3,1],"8":[2,1]},"_coverageSchema":"1a1c01bbd47fc00a2c39e90264f33305004495a9","hash":"79338bc2cd51781bd7ef1c163beb2bc4914ed3f5"}
}
