{"/Users/jon/skylab-bootcamp/week-4/week-4-code/w4-challenge/202204-W04-Jon-Pittaluga/components/strictEquals.js": {"path":"/Users/jon/skylab-bootcamp/week-4/week-4-code/w4-challenge/202204-W04-Jon-Pittaluga/components/strictEquals.js","statementMap":{"0":{"start":{"line":5,"column":2},"end":{"line":7,"column":3}},"1":{"start":{"line":6,"column":4},"end":{"line":6,"column":17}},"2":{"start":{"line":10,"column":2},"end":{"line":12,"column":3}},"3":{"start":{"line":11,"column":4},"end":{"line":11,"column":16}},"4":{"start":{"line":14,"column":2},"end":{"line":16,"column":3}},"5":{"start":{"line":15,"column":4},"end":{"line":15,"column":16}},"6":{"start":{"line":19,"column":2},"end":{"line":21,"column":3}},"7":{"start":{"line":20,"column":4},"end":{"line":20,"column":17}},"8":{"start":{"line":24,"column":2},"end":{"line":26,"column":3}},"9":{"start":{"line":25,"column":4},"end":{"line":25,"column":17}},"10":{"start":{"line":28,"column":2},"end":{"line":30,"column":22}},"11":{"start":{"line":29,"column":4},"end":{"line":29,"column":16}},"12":{"start":{"line":30,"column":9},"end":{"line":30,"column":22}},"13":{"start":{"line":33,"column":0},"end":{"line":33,"column":61}},"14":{"start":{"line":34,"column":0},"end":{"line":34,"column":70}},"15":{"start":{"line":35,"column":0},"end":{"line":35,"column":63}},"16":{"start":{"line":36,"column":0},"end":{"line":36,"column":63}},"17":{"start":{"line":37,"column":0},"end":{"line":37,"column":66}},"18":{"start":{"line":38,"column":0},"end":{"line":43,"column":2}},"19":{"start":{"line":44,"column":0},"end":{"line":44,"column":77}},"20":{"start":{"line":45,"column":0},"end":{"line":45,"column":22}},"21":{"start":{"line":46,"column":0},"end":{"line":49,"column":2}},"22":{"start":{"line":50,"column":0},"end":{"line":50,"column":65}},"23":{"start":{"line":51,"column":0},"end":{"line":54,"column":2}}},"fnMap":{"0":{"name":"strictEquals","decl":{"start":{"line":3,"column":16},"end":{"line":3,"column":28}},"loc":{"start":{"line":3,"column":35},"end":{"line":31,"column":1}},"line":3}},"branchMap":{"0":{"loc":{"start":{"line":5,"column":2},"end":{"line":7,"column":3}},"type":"if","locations":[{"start":{"line":5,"column":2},"end":{"line":7,"column":3}},{"start":{},"end":{}}],"line":5},"1":{"loc":{"start":{"line":5,"column":6},"end":{"line":5,"column":40}},"type":"binary-expr","locations":[{"start":{"line":5,"column":6},"end":{"line":5,"column":21}},{"start":{"line":5,"column":25},"end":{"line":5,"column":40}}],"line":5},"2":{"loc":{"start":{"line":10,"column":2},"end":{"line":12,"column":3}},"type":"if","locations":[{"start":{"line":10,"column":2},"end":{"line":12,"column":3}},{"start":{},"end":{}}],"line":10},"3":{"loc":{"start":{"line":10,"column":6},"end":{"line":10,"column":41}},"type":"binary-expr","locations":[{"start":{"line":10,"column":6},"end":{"line":10,"column":21}},{"start":{"line":10,"column":25},"end":{"line":10,"column":41}}],"line":10},"4":{"loc":{"start":{"line":14,"column":2},"end":{"line":16,"column":3}},"type":"if","locations":[{"start":{"line":14,"column":2},"end":{"line":16,"column":3}},{"start":{},"end":{}}],"line":14},"5":{"loc":{"start":{"line":19,"column":2},"end":{"line":21,"column":3}},"type":"if","locations":[{"start":{"line":19,"column":2},"end":{"line":21,"column":3}},{"start":{},"end":{}}],"line":19},"6":{"loc":{"start":{"line":24,"column":2},"end":{"line":26,"column":3}},"type":"if","locations":[{"start":{"line":24,"column":2},"end":{"line":26,"column":3}},{"start":{},"end":{}}],"line":24},"7":{"loc":{"start":{"line":24,"column":6},"end":{"line":24,"column":28}},"type":"binary-expr","locations":[{"start":{"line":24,"column":7},"end":{"line":24,"column":9}},{"start":{"line":24,"column":13},"end":{"line":24,"column":14}},{"start":{"line":24,"column":20},"end":{"line":24,"column":21}},{"start":{"line":24,"column":25},"end":{"line":24,"column":27}}],"line":24},"8":{"loc":{"start":{"line":28,"column":2},"end":{"line":30,"column":22}},"type":"if","locations":[{"start":{"line":28,"column":2},"end":{"line":30,"column":22}},{"start":{"line":30,"column":9},"end":{"line":30,"column":22}}],"line":28}},"s":{"0":20,"1":2,"2":18,"3":4,"4":14,"5":2,"6":12,"7":4,"8":8,"9":1,"10":7,"11":4,"12":3,"13":1,"14":1,"15":1,"16":1,"17":1,"18":1,"19":1,"20":1,"21":1,"22":1,"23":1},"f":{"0":20},"b":{"0":[2,18],"1":[20,2],"2":[4,14],"3":[18,16],"4":[2,12],"5":[4,8],"6":[1,7],"7":[8,4,8,4],"8":[4,3]},"_coverageSchema":"1a1c01bbd47fc00a2c39e90264f33305004495a9","hash":"c6d6f15f0fe1ad07a57137e70379e362688d74e5"}
}
