TN:
SF:components/strictEquals.js
FN:3,strictEquals
FNF:1
FNH:1
FNDA:20,strictEquals
DA:5,20
DA:6,2
DA:10,18
DA:11,4
DA:14,14
DA:15,2
DA:19,12
DA:20,4
DA:24,8
DA:25,1
DA:28,7
DA:29,4
DA:30,3
DA:33,1
DA:34,1
DA:35,1
DA:36,1
DA:37,1
DA:38,1
DA:44,1
DA:45,1
DA:46,1
DA:50,1
DA:51,1
LF:24
LH:24
BRDA:5,0,0,2
BRDA:5,0,1,18
BRDA:5,1,0,20
BRDA:5,1,1,2
BRDA:10,2,0,4
BRDA:10,2,1,14
BRDA:10,3,0,18
BRDA:10,3,1,16
BRDA:14,4,0,2
BRDA:14,4,1,12
BRDA:19,5,0,4
BRDA:19,5,1,8
BRDA:24,6,0,1
BRDA:24,6,1,7
BRDA:24,7,0,8
BRDA:24,7,1,4
BRDA:24,7,2,8
BRDA:24,7,3,4
BRDA:28,8,0,4
BRDA:28,8,1,3
BRF:20
BRH:20
end_of_record
