TN:
SF:components/strictEquals.js
FN:3,strictEquals
FNF:1
FNH:1
FNDA:9,strictEquals
DA:5,9
DA:6,1
DA:10,8
DA:11,2
DA:14,6
DA:15,1
DA:19,5
DA:20,2
DA:24,3
DA:25,0
DA:28,3
DA:29,2
DA:30,1
LF:13
LH:12
BRDA:5,0,0,1
BRDA:5,0,1,8
BRDA:5,1,0,9
BRDA:5,1,1,1
BRDA:10,2,0,2
BRDA:10,2,1,6
BRDA:10,3,0,8
BRDA:10,3,1,7
BRDA:14,4,0,1
BRDA:14,4,1,5
BRDA:19,5,0,2
BRDA:19,5,1,3
BRDA:24,6,0,0
BRDA:24,6,1,3
BRDA:24,7,0,3
BRDA:24,7,1,2
BRDA:24,7,2,3
BRDA:24,7,3,1
BRDA:28,8,0,2
BRDA:28,8,1,1
BRF:20
BRH:19
end_of_record
